2026-01-15 12:30:12,882 - INFO - Starting API job scraper
2026-01-15 12:30:12,883 - INFO - Loaded 853 master facilities
2026-01-15 12:30:12,883 - INFO - Fetching jobs from API...
2026-01-15 12:30:14,512 - INFO - Total jobs found: 500
2026-01-15 12:30:14,514 - INFO - New job: Food Service Supervisor - 624197 [No facility found]
2026-01-15 12:30:14,565 - INFO - New job: Corrections Oversight Worker - Douglas County Minnesota Jail - 629334 [UNVERIFIED: Douglas County Minnesota Jail]
2026-01-15 12:30:14,565 - INFO - New job: Food Service Manager - 629402 [No facility found]
2026-01-15 12:30:14,566 - INFO - New job: Food Service Manager - 629403 [No facility found]
2026-01-15 12:30:14,597 - INFO - New job: Food Service Worker Lead - Cumberland County Jail - 629536 [UNVERIFIED: Cumberland County Jail]
2026-01-15 12:30:14,598 - INFO - New job: Operational Excellence Analyst - 629661 [No facility found]
2026-01-15 12:30:14,598 - INFO - New job: Food Service Manager - 629695 [No facility found]
2026-01-15 12:30:24,625 - INFO - Added 7 new jobs
2026-01-15 12:30:24,625 - INFO - Fetching descriptions for 7 new jobs...
2026-01-15 12:30:25,789 - INFO - Updated description for 624197
2026-01-15 12:30:27,413 - INFO - Updated description for 629334
2026-01-15 12:30:29,053 - INFO - Updated description for 629402
2026-01-15 12:30:30,870 - INFO - Updated description for 629403
2026-01-15 12:30:32,687 - INFO - Updated description for 629536
2026-01-15 12:30:34,458 - INFO - Updated description for 629661
2026-01-15 12:30:36,279 - INFO - Updated description for 629695
2026-01-15 12:30:36,786 - INFO - 
=== SUMMARY ===
2026-01-15 12:30:36,786 - INFO - Total jobs in database: 1129
2026-01-15 12:30:36,786 - INFO - New jobs added: 7
2026-01-15 12:30:36,786 - INFO - Descriptions updated: 7
2026-01-15 12:30:36,786 - INFO - Verified facilities: 114
2026-01-15 12:30:36,786 - INFO - Unverified facilities: 301
2026-01-15 12:30:36,786 - INFO - Log saved to: logs/api_scraper_20260115_123012.log
2026-01-15 12:30:36,879 - INFO - Exported 1129 jobs to jobs.csv
