2026-01-14 12:30:21,582 - INFO - Starting API job scraper
2026-01-14 12:30:21,583 - INFO - Loaded 853 master facilities
2026-01-14 12:30:21,583 - INFO - Fetching jobs from API...
2026-01-14 12:30:25,549 - INFO - Total jobs found: 500
2026-01-14 12:30:25,605 - INFO - New job: Carpenter - Oriana House (Facilities Team) - 629264 [UNVERIFIED: Oriana House (Facilities Team)]
2026-01-14 12:30:25,663 - INFO - New job: General Maintenance Worker - Oriana House - Oriana House (Facilities) - 629268 [UNVERIFIED: Oriana House - Oriana House (Facilities)]
2026-01-14 12:30:25,706 - INFO - New job: Corrections Oversight Worker - Richmond County Sheriff's Office Jail - 628308 [UNVERIFIED: Richmond County Sheriff's Office Jail]
2026-01-14 12:30:25,730 - INFO - New job: Retail Sales Worker Lead - Butler County - 628321 [UNVERIFIED: Butler County]
2026-01-14 12:30:25,731 - INFO - New job: Warehouse Manager Sr - 626421 [No facility found]
2026-01-14 12:30:25,772 - INFO - New job: HVAC Tech - Oriana House (Facilities) - 613681 [UNVERIFIED: Oriana House (Facilities)]
2026-01-14 12:30:25,806 - INFO - New job: Corrections Oversight Worker - Winnebago County Jail WI - 625655 [UNVERIFIED: Winnebago County Jail WI]
2026-01-14 12:30:25,853 - INFO - New job: Retail Cashier - Haymarket Vending Chicago Illinois - 628958 [UNVERIFIED: Haymarket Vending Chicago Illinois]
2026-01-14 12:30:25,896 - INFO - New job: Corrections Oversight Worker - FL Womens Reception Center - (368) - 629103 [VERIFIED: Florida Women's Reception Center]
2026-01-14 12:30:25,933 - INFO - New job: Corrections Oversight Worker - Putnamville Correctional Facility - 629152 [VERIFIED: Putnamville Correctional Facility]
2026-01-14 12:30:35,772 - INFO - Added 10 new jobs
2026-01-14 12:30:35,772 - INFO - Fetching descriptions for 10 new jobs...
2026-01-14 12:30:37,025 - INFO - Updated description for 629264
2026-01-14 12:30:38,581 - INFO - Updated description for 629268
2026-01-14 12:30:40,140 - INFO - Updated description for 628308
2026-01-14 12:30:41,643 - INFO - Updated description for 628321
2026-01-14 12:30:43,252 - INFO - Updated description for 626421
2026-01-14 12:30:44,898 - INFO - Updated description for 613681
2026-01-14 12:30:46,545 - INFO - Updated description for 625655
2026-01-14 12:30:48,154 - INFO - Updated description for 628958
2026-01-14 12:30:49,798 - INFO - Updated description for 629103
2026-01-14 12:30:51,507 - INFO - Updated description for 629152
2026-01-14 12:30:52,016 - INFO - 
=== SUMMARY ===
2026-01-14 12:30:52,016 - INFO - Total jobs in database: 1122
2026-01-14 12:30:52,016 - INFO - New jobs added: 10
2026-01-14 12:30:52,016 - INFO - Descriptions updated: 10
2026-01-14 12:30:52,017 - INFO - Verified facilities: 114
2026-01-14 12:30:52,017 - INFO - Unverified facilities: 301
2026-01-14 12:30:52,017 - INFO - Log saved to: logs/api_scraper_20260114_123021.log
2026-01-14 12:30:52,110 - INFO - Exported 1122 jobs to jobs.csv
